<?xml version="1.0" encoding="UTF-8"?>
<!-- Generated by org.testng.reporters.JUnitReportReporter -->
<testsuite hostname="LAPTOP-0V7D4U7A" failures="0" tests="1" name="testproject.Testcase" time="7.382" errors="0" timestamp="27 Jan 2020 15:50:01 GMT" skipped="0">
  <testcase classname="testproject.Testcase" name="google1" time="7.382"/>
</testsuite> <!-- testproject.Testcase -->
